13:48:34 [http-nio-8811-exec-2] INFO  c.w.s.c.l.TalStopWatch  INFO [,,]   StopWatch:start[1606110513610] tag[login] total[647]
13:48:34 [http-nio-8811-exec-3] INFO  c.w.s.c.l.TalStopWatch  INFO [,,]   StopWatch:start[1606110514401] tag[buySellContHole] total[269]
13:49:51 [http-nio-8811-exec-5] INFO  c.w.s.c.l.TalStopWatch  INFO [,,]   StopWatch:start[1606110591385] tag[buySellContHole] total[490]
13:49:54 [http-nio-8811-exec-4] INFO  c.w.s.c.l.TalStopWatch  INFO [,,]   StopWatch:start[1606110588926] tag[comparingThreeDaysHole] total[5905]
13:50:01 [http-nio-8811-exec-7] INFO  c.w.s.c.l.TalStopWatch  INFO [,,]   StopWatch:start[1606110594919] tag[comparingThreeDaysHole] total[6699]
13:50:14 [http-nio-8811-exec-9] INFO  c.w.s.c.l.TalStopWatch  INFO [,,]   StopWatch:start[1606110614609] tag[buySellContHole] total[344]
13:50:18 [http-nio-8811-exec-8] INFO  c.w.s.c.l.TalStopWatch  INFO [,,]   StopWatch:start[1606110612318] tag[comparingThreeDaysHole] total[5833]
13:50:49 [http-nio-8811-exec-1] INFO  c.w.s.c.l.TalStopWatch  INFO [,,]   StopWatch:start[1606110649297] tag[get] total[129]
13:50:49 [http-nio-8811-exec-1] INFO  c.w.s.c.l.TalStopWatch  INFO [,,]   StopWatch:start[1606110649451] tag[get] total[71]
13:50:49 [http-nio-8811-exec-1] INFO  c.w.s.c.l.TalStopWatch  INFO [,,]   StopWatch:start[1606110649542] tag[get] total[69]
13:50:49 [http-nio-8811-exec-1] INFO  c.w.s.c.l.TalStopWatch  INFO [,,]   StopWatch:start[1606110649629] tag[get] total[69]
13:50:49 [http-nio-8811-exec-1] INFO  c.w.s.c.l.TalStopWatch  INFO [,,]   StopWatch:start[1606110649718] tag[get] total[70]
13:50:49 [http-nio-8811-exec-1] INFO  c.w.s.c.l.TalStopWatch  INFO [,,]   StopWatch:start[1606110649808] tag[get] total[68]
13:50:49 [http-nio-8811-exec-1] INFO  c.w.s.c.l.TalStopWatch  INFO [,,]   StopWatch:start[1606110649895] tag[get] total[74]
13:50:50 [http-nio-8811-exec-1] INFO  c.w.s.c.l.TalStopWatch  INFO [,,]   StopWatch:start[1606110649986] tag[get] total[70]
13:50:50 [http-nio-8811-exec-1] INFO  c.w.s.c.l.TalStopWatch  INFO [,,]   StopWatch:start[1606110650076] tag[get] total[69]
13:50:50 [http-nio-8811-exec-1] INFO  c.w.s.c.l.TalStopWatch  INFO [,,]   StopWatch:start[1606110650163] tag[get] total[67]
13:50:50 [http-nio-8811-exec-1] INFO  c.w.s.c.l.TalStopWatch  INFO [,,]   StopWatch:start[1606110650249] tag[get] total[69]
13:50:50 [http-nio-8811-exec-1] INFO  c.w.s.c.l.TalStopWatch  INFO [,,]   StopWatch:start[1606110650336] tag[get] total[67]
13:50:50 [http-nio-8811-exec-1] INFO  c.w.s.c.l.TalStopWatch  INFO [,,]   StopWatch:start[1606110649269] tag[list] total[1153]
13:52:11 [http-nio-8811-exec-3] INFO  c.w.s.c.l.TalStopWatch  INFO [,,]   StopWatch:start[1606110730915] tag[wechatCheck] total[588]
13:52:12 [http-nio-8811-exec-5] INFO  c.w.s.c.l.TalStopWatch  INFO [,,]   StopWatch:start[1606110731913] tag[list] total[135]
13:53:31 [http-nio-8811-exec-7] INFO  c.w.s.c.l.TalStopWatch  INFO [,,]   StopWatch:start[1606110811019] tag[get] total[86]
13:53:31 [http-nio-8811-exec-7] INFO  c.w.s.c.l.TalStopWatch  INFO [,,]   StopWatch:start[1606110811123] tag[get] total[67]
13:53:31 [http-nio-8811-exec-7] INFO  c.w.s.c.l.TalStopWatch  INFO [,,]   StopWatch:start[1606110811208] tag[get] total[67]
13:53:31 [http-nio-8811-exec-7] INFO  c.w.s.c.l.TalStopWatch  INFO [,,]   StopWatch:start[1606110811296] tag[get] total[66]
13:53:31 [http-nio-8811-exec-7] INFO  c.w.s.c.l.TalStopWatch  INFO [,,]   StopWatch:start[1606110811381] tag[get] total[66]
13:53:31 [http-nio-8811-exec-7] INFO  c.w.s.c.l.TalStopWatch  INFO [,,]   StopWatch:start[1606110811465] tag[get] total[68]
13:53:31 [http-nio-8811-exec-7] INFO  c.w.s.c.l.TalStopWatch  INFO [,,]   StopWatch:start[1606110811552] tag[get] total[68]
13:53:31 [http-nio-8811-exec-7] INFO  c.w.s.c.l.TalStopWatch  INFO [,,]   StopWatch:start[1606110811639] tag[get] total[68]
13:53:31 [http-nio-8811-exec-7] INFO  c.w.s.c.l.TalStopWatch  INFO [,,]   StopWatch:start[1606110811727] tag[get] total[68]
13:53:31 [http-nio-8811-exec-7] INFO  c.w.s.c.l.TalStopWatch  INFO [,,]   StopWatch:start[1606110811814] tag[get] total[71]
13:53:31 [http-nio-8811-exec-7] INFO  c.w.s.c.l.TalStopWatch  INFO [,,]   StopWatch:start[1606110811904] tag[get] total[68]
13:53:32 [http-nio-8811-exec-7] INFO  c.w.s.c.l.TalStopWatch  INFO [,,]   StopWatch:start[1606110811991] tag[get] total[68]
13:53:32 [http-nio-8811-exec-7] INFO  c.w.s.c.l.TalStopWatch  INFO [,,]   StopWatch:start[1606110810984] tag[list] total[1093]
14:00:04 [http-nio-8811-exec-9] INFO  c.w.s.c.l.TalStopWatch  INFO [,,]   StopWatch:start[1606111204528] tag[get] total[93]
14:00:04 [http-nio-8811-exec-9] INFO  c.w.s.c.l.TalStopWatch  INFO [,,]   StopWatch:start[1606111204639] tag[get] total[76]
14:00:04 [http-nio-8811-exec-9] INFO  c.w.s.c.l.TalStopWatch  INFO [,,]   StopWatch:start[1606111204734] tag[get] total[73]
14:00:04 [http-nio-8811-exec-9] INFO  c.w.s.c.l.TalStopWatch  INFO [,,]   StopWatch:start[1606111204829] tag[get] total[73]
14:00:04 [http-nio-8811-exec-9] INFO  c.w.s.c.l.TalStopWatch  INFO [,,]   StopWatch:start[1606111204920] tag[get] total[75]
14:00:05 [http-nio-8811-exec-9] INFO  c.w.s.c.l.TalStopWatch  INFO [,,]   StopWatch:start[1606111205018] tag[get] total[84]
14:00:05 [http-nio-8811-exec-9] INFO  c.w.s.c.l.TalStopWatch  INFO [,,]   StopWatch:start[1606111205120] tag[get] total[73]
14:00:05 [http-nio-8811-exec-9] INFO  c.w.s.c.l.TalStopWatch  INFO [,,]   StopWatch:start[1606111205212] tag[get] total[69]
14:00:05 [http-nio-8811-exec-9] INFO  c.w.s.c.l.TalStopWatch  INFO [,,]   StopWatch:start[1606111205301] tag[get] total[75]
14:00:05 [http-nio-8811-exec-9] INFO  c.w.s.c.l.TalStopWatch  INFO [,,]   StopWatch:start[1606111205397] tag[get] total[70]
14:00:05 [http-nio-8811-exec-9] INFO  c.w.s.c.l.TalStopWatch  INFO [,,]   StopWatch:start[1606111205485] tag[get] total[72]
14:00:05 [http-nio-8811-exec-9] INFO  c.w.s.c.l.TalStopWatch  INFO [,,]   StopWatch:start[1606111205577] tag[get] total[75]
14:00:05 [http-nio-8811-exec-9] INFO  c.w.s.c.l.TalStopWatch  INFO [,,]   StopWatch:start[1606111202339] tag[list] total[3334]
14:24:22 [http-nio-8811-exec-1] INFO  c.w.s.c.l.TalStopWatch  INFO [,,]   StopWatch:start[1606112662020] tag[list] total[558]
14:24:37 [http-nio-8811-exec-2] INFO  c.w.s.c.l.TalStopWatch  INFO [,,]   StopWatch:start[1606112677427] tag[list] total[68]
14:24:54 [http-nio-8811-exec-4] INFO  c.w.s.c.l.TalStopWatch  INFO [,,]   StopWatch:start[1606112694102] tag[underweight] total[68]
14:24:54 [http-nio-8811-exec-4] INFO  c.w.s.c.l.TalStopWatch  INFO [,,]   StopWatch:start[1606112694083] tag[undo] total[125]
14:24:56 [http-nio-8811-exec-6] INFO  c.w.s.c.l.TalStopWatch  INFO [,,]   StopWatch:start[1606112696931] tag[addStorehouse] total[55]
14:24:57 [http-nio-8811-exec-6] INFO  c.w.s.c.l.TalStopWatch  INFO [,,]   StopWatch:start[1606112696913] tag[undo] total[109]
14:24:58 [http-nio-8811-exec-8] INFO  c.w.s.c.l.TalStopWatch  INFO [,,]   StopWatch:start[1606112698182] tag[list] total[57]
14:25:05 [http-nio-8811-exec-9] INFO  c.w.s.c.l.TalStopWatch  INFO [,,]   StopWatch:start[1606112705547] tag[list] total[58]
14:25:06 [http-nio-8811-exec-10] INFO  c.w.s.c.l.TalStopWatch  INFO [,,]   StopWatch:start[1606112706354] tag[list] total[59]
14:25:07 [http-nio-8811-exec-1] INFO  c.w.s.c.l.TalStopWatch  INFO [,,]   StopWatch:start[1606112707389] tag[list] total[53]
14:27:26 [http-nio-8811-exec-7] INFO  c.w.s.c.l.TalStopWatch  INFO [,,]   StopWatch:start[1606112846383] tag[list] total[75]
14:27:36 [http-nio-8811-exec-8] INFO  c.w.s.c.l.TalStopWatch  INFO [,,]   StopWatch:start[1606112856680] tag[list] total[55]
14:30:35 [http-nio-8811-exec-2] INFO  c.w.s.c.l.TalStopWatch  INFO [,,]   StopWatch:start[1606113035064] tag[list] total[71]
14:31:31 [http-nio-8811-exec-3] INFO  c.w.s.c.l.TalStopWatch  INFO [,,]   StopWatch:start[1606113091668] tag[list] total[56]
14:31:34 [http-nio-8811-exec-4] INFO  c.w.s.c.l.TalStopWatch  INFO [,,]   StopWatch:start[1606113094711] tag[list] total[55]
14:32:40 [http-nio-8811-exec-6] INFO  c.w.s.c.l.TalStopWatch  INFO [,,]   StopWatch:start[1606113160265] tag[list] total[63]
14:32:53 [http-nio-8811-exec-7] INFO  c.w.s.c.l.TalStopWatch  INFO [,,]   StopWatch:start[1606113173048] tag[list] total[54]
14:33:26 [http-nio-8811-exec-9] INFO  c.w.s.c.l.TalStopWatch  INFO [,,]   StopWatch:start[1606113206785] tag[list] total[58]
14:33:49 [http-nio-8811-exec-10] INFO  c.w.s.c.l.TalStopWatch  INFO [,,]   StopWatch:start[1606113229415] tag[list] total[52]
14:37:55 [http-nio-8811-exec-2] INFO  c.w.s.c.l.TalStopWatch  INFO [,,]   StopWatch:start[1606113474394] tag[list] total[1245]
14:38:00 [http-nio-8811-exec-4] INFO  c.w.s.c.l.TalStopWatch  INFO [,,]   StopWatch:start[1606113479972] tag[list] total[87]
14:38:04 [http-nio-8811-exec-5] INFO  c.w.s.c.l.TalStopWatch  INFO [,,]   StopWatch:start[1606113484581] tag[list] total[53]
14:41:03 [http-nio-8811-exec-6] INFO  c.w.s.c.l.TalStopWatch  INFO [,,]   StopWatch:start[1606113663593] tag[addStorehouse] total[55]
14:41:05 [http-nio-8811-exec-6] INFO  c.w.s.c.l.TalStopWatch  INFO [,,]   StopWatch:start[1606113524004] tag[add] total[141595]
14:43:14 [http-nio-8811-exec-1] INFO  c.w.s.c.l.TalStopWatch  INFO [,,]   StopWatch:start[1606113793691] tag[list] total[485]
14:47:11 [http-nio-8811-exec-2] INFO  c.w.s.c.l.TalStopWatch  INFO [,,]   StopWatch:start[1606114031042] tag[addStorehouse] total[57]
14:47:11 [http-nio-8811-exec-2] INFO  c.w.s.c.l.TalStopWatch  INFO [,,]   StopWatch:start[1606113811259] tag[add] total[219893]
14:47:32 [http-nio-8811-exec-1] INFO  c.w.s.c.l.TalStopWatch  INFO [,,]   StopWatch:start[1606114051902] tag[list] total[98]
14:47:36 [http-nio-8811-exec-3] INFO  c.w.s.c.l.TalStopWatch  INFO [,,]   StopWatch:start[1606114056433] tag[addStorehouse] total[63]
14:47:36 [http-nio-8811-exec-3] INFO  c.w.s.c.l.TalStopWatch  INFO [,,]   StopWatch:start[1606114056415] tag[undo] total[119]
14:47:38 [http-nio-8811-exec-5] INFO  c.w.s.c.l.TalStopWatch  INFO [,,]   StopWatch:start[1606114058499] tag[addStorehouse] total[54]
14:47:38 [http-nio-8811-exec-5] INFO  c.w.s.c.l.TalStopWatch  INFO [,,]   StopWatch:start[1606114058481] tag[undo] total[109]
14:47:39 [http-nio-8811-exec-7] INFO  c.w.s.c.l.TalStopWatch  INFO [,,]   StopWatch:start[1606114059904] tag[list] total[56]
14:48:09 [http-nio-8811-exec-8] INFO  c.w.s.c.l.TalStopWatch  INFO [,,]   StopWatch:start[1606114089756] tag[addStorehouse] total[59]
14:48:09 [http-nio-8811-exec-8] INFO  c.w.s.c.l.TalStopWatch  INFO [,,]   StopWatch:start[1606114074623] tag[add] total[15244]
14:48:10 [http-nio-8811-exec-9] INFO  c.w.s.c.l.TalStopWatch  INFO [,,]   StopWatch:start[1606114090169] tag[list] total[53]
14:48:14 [http-nio-8811-exec-10] INFO  c.w.s.c.l.TalStopWatch  INFO [,,]   StopWatch:start[1606114093833] tag[get] total[170]
14:48:14 [http-nio-8811-exec-10] INFO  c.w.s.c.l.TalStopWatch  INFO [,,]   StopWatch:start[1606114094023] tag[get] total[69]
14:48:14 [http-nio-8811-exec-10] INFO  c.w.s.c.l.TalStopWatch  INFO [,,]   StopWatch:start[1606114094112] tag[get] total[68]
14:48:14 [http-nio-8811-exec-10] INFO  c.w.s.c.l.TalStopWatch  INFO [,,]   StopWatch:start[1606114094201] tag[get] total[68]
14:48:14 [http-nio-8811-exec-10] INFO  c.w.s.c.l.TalStopWatch  INFO [,,]   StopWatch:start[1606114094288] tag[get] total[69]
14:48:14 [http-nio-8811-exec-10] INFO  c.w.s.c.l.TalStopWatch  INFO [,,]   StopWatch:start[1606114094377] tag[get] total[68]
14:48:14 [http-nio-8811-exec-10] INFO  c.w.s.c.l.TalStopWatch  INFO [,,]   StopWatch:start[1606114094463] tag[get] total[67]
14:48:14 [http-nio-8811-exec-10] INFO  c.w.s.c.l.TalStopWatch  INFO [,,]   StopWatch:start[1606114094549] tag[get] total[67]
14:48:14 [http-nio-8811-exec-10] INFO  c.w.s.c.l.TalStopWatch  INFO [,,]   StopWatch:start[1606114094637] tag[get] total[68]
14:48:14 [http-nio-8811-exec-10] INFO  c.w.s.c.l.TalStopWatch  INFO [,,]   StopWatch:start[1606114094723] tag[get] total[67]
14:48:14 [http-nio-8811-exec-10] INFO  c.w.s.c.l.TalStopWatch  INFO [,,]   StopWatch:start[1606114094809] tag[get] total[66]
14:48:14 [http-nio-8811-exec-10] INFO  c.w.s.c.l.TalStopWatch  INFO [,,]   StopWatch:start[1606114094895] tag[get] total[66]
14:48:14 [http-nio-8811-exec-10] INFO  c.w.s.c.l.TalStopWatch  INFO [,,]   StopWatch:start[1606114093809] tag[list] total[1170]
14:48:43 [http-nio-8811-exec-2] INFO  c.w.s.c.l.TalStopWatch  INFO [,,]   StopWatch:start[1606114123811] tag[underweight] total[53]
14:48:43 [http-nio-8811-exec-2] INFO  c.w.s.c.l.TalStopWatch  INFO [,,]   StopWatch:start[1606114117062] tag[add] total[6852]
14:48:44 [http-nio-8811-exec-3] INFO  c.w.s.c.l.TalStopWatch  INFO [,,]   StopWatch:start[1606114124190] tag[list] total[57]
14:48:46 [http-nio-8811-exec-4] INFO  c.w.s.c.l.TalStopWatch  INFO [,,]   StopWatch:start[1606114126523] tag[get] total[86]
14:48:46 [http-nio-8811-exec-4] INFO  c.w.s.c.l.TalStopWatch  INFO [,,]   StopWatch:start[1606114126629] tag[get] total[68]
14:48:46 [http-nio-8811-exec-4] INFO  c.w.s.c.l.TalStopWatch  INFO [,,]   StopWatch:start[1606114126718] tag[get] total[68]
14:48:46 [http-nio-8811-exec-4] INFO  c.w.s.c.l.TalStopWatch  INFO [,,]   StopWatch:start[1606114126810] tag[get] total[66]
14:48:46 [http-nio-8811-exec-4] INFO  c.w.s.c.l.TalStopWatch  INFO [,,]   StopWatch:start[1606114126895] tag[get] total[70]
14:48:47 [http-nio-8811-exec-4] INFO  c.w.s.c.l.TalStopWatch  INFO [,,]   StopWatch:start[1606114126983] tag[get] total[65]
14:48:47 [http-nio-8811-exec-4] INFO  c.w.s.c.l.TalStopWatch  INFO [,,]   StopWatch:start[1606114127068] tag[get] total[68]
14:48:47 [http-nio-8811-exec-4] INFO  c.w.s.c.l.TalStopWatch  INFO [,,]   StopWatch:start[1606114127155] tag[get] total[68]
14:48:47 [http-nio-8811-exec-4] INFO  c.w.s.c.l.TalStopWatch  INFO [,,]   StopWatch:start[1606114127241] tag[get] total[66]
14:48:47 [http-nio-8811-exec-4] INFO  c.w.s.c.l.TalStopWatch  INFO [,,]   StopWatch:start[1606114127325] tag[get] total[65]
14:48:47 [http-nio-8811-exec-4] INFO  c.w.s.c.l.TalStopWatch  INFO [,,]   StopWatch:start[1606114127409] tag[get] total[65]
14:48:47 [http-nio-8811-exec-4] INFO  c.w.s.c.l.TalStopWatch  INFO [,,]   StopWatch:start[1606114127494] tag[get] total[69]
14:48:47 [http-nio-8811-exec-4] INFO  c.w.s.c.l.TalStopWatch  INFO [,,]   StopWatch:start[1606114126504] tag[list] total[1077]
14:48:57 [http-nio-8811-exec-6] INFO  c.w.s.c.l.TalStopWatch  INFO [,,]   StopWatch:start[1606114137509] tag[get] total[67]
14:48:57 [http-nio-8811-exec-6] INFO  c.w.s.c.l.TalStopWatch  INFO [,,]   StopWatch:start[1606114137595] tag[get] total[67]
14:48:57 [http-nio-8811-exec-6] INFO  c.w.s.c.l.TalStopWatch  INFO [,,]   StopWatch:start[1606114137682] tag[get] total[69]
14:48:57 [http-nio-8811-exec-6] INFO  c.w.s.c.l.TalStopWatch  INFO [,,]   StopWatch:start[1606114137770] tag[get] total[66]
14:48:57 [http-nio-8811-exec-6] INFO  c.w.s.c.l.TalStopWatch  INFO [,,]   StopWatch:start[1606114137856] tag[get] total[70]
14:48:58 [http-nio-8811-exec-6] INFO  c.w.s.c.l.TalStopWatch  INFO [,,]   StopWatch:start[1606114137944] tag[get] total[67]
14:48:58 [http-nio-8811-exec-6] INFO  c.w.s.c.l.TalStopWatch  INFO [,,]   StopWatch:start[1606114138029] tag[get] total[67]
14:48:58 [http-nio-8811-exec-6] INFO  c.w.s.c.l.TalStopWatch  INFO [,,]   StopWatch:start[1606114138116] tag[get] total[68]
14:48:58 [http-nio-8811-exec-6] INFO  c.w.s.c.l.TalStopWatch  INFO [,,]   StopWatch:start[1606114138203] tag[get] total[65]
14:48:58 [http-nio-8811-exec-6] INFO  c.w.s.c.l.TalStopWatch  INFO [,,]   StopWatch:start[1606114138287] tag[get] total[68]
14:48:58 [http-nio-8811-exec-6] INFO  c.w.s.c.l.TalStopWatch  INFO [,,]   StopWatch:start[1606114138374] tag[get] total[67]
14:48:58 [http-nio-8811-exec-6] INFO  c.w.s.c.l.TalStopWatch  INFO [,,]   StopWatch:start[1606114138459] tag[get] total[66]
14:48:58 [http-nio-8811-exec-6] INFO  c.w.s.c.l.TalStopWatch  INFO [,,]   StopWatch:start[1606114137490] tag[list] total[1053]
14:49:54 [http-nio-8811-exec-9] INFO  c.w.s.c.l.TalStopWatch  INFO [,,]   StopWatch:start[1606114194473] tag[addStorehouse] total[51]
14:49:54 [http-nio-8811-exec-9] INFO  c.w.s.c.l.TalStopWatch  INFO [,,]   StopWatch:start[1606114194454] tag[add] total[120]
14:49:54 [http-nio-8811-exec-10] INFO  c.w.s.c.l.TalStopWatch  INFO [,,]   StopWatch:start[1606114194854] tag[list] total[55]
