10:43:30 [http-nio-8811-exec-2] INFO  c.w.s.c.l.TalStopWatch  INFO [,,]   StopWatch:start[1606445009219] tag[login] total[1642]
10:43:32 [http-nio-8811-exec-3] INFO  c.w.s.c.l.TalStopWatch  INFO [,,]   StopWatch:start[1606445011352] tag[buySellContHole] total[1021]
10:43:36 [http-nio-8811-exec-4] INFO  c.w.s.c.l.TalStopWatch  INFO [,,]   StopWatch:start[1606445016018] tag[get] total[405]
10:43:36 [http-nio-8811-exec-4] INFO  c.w.s.c.l.TalStopWatch  INFO [,,]   StopWatch:start[1606445016520] tag[get] total[433]
10:43:37 [http-nio-8811-exec-4] INFO  c.w.s.c.l.TalStopWatch  INFO [,,]   StopWatch:start[1606445017005] tag[get] total[176]
10:43:37 [http-nio-8811-exec-4] INFO  c.w.s.c.l.TalStopWatch  INFO [,,]   StopWatch:start[1606445017301] tag[get] total[155]
10:43:37 [http-nio-8811-exec-4] INFO  c.w.s.c.l.TalStopWatch  INFO [,,]   StopWatch:start[1606445017505] tag[get] total[174]
10:43:38 [http-nio-8811-exec-4] INFO  c.w.s.c.l.TalStopWatch  INFO [,,]   StopWatch:start[1606445017947] tag[get] total[199]
10:43:38 [http-nio-8811-exec-4] INFO  c.w.s.c.l.TalStopWatch  INFO [,,]   StopWatch:start[1606445018176] tag[get] total[244]
10:43:38 [http-nio-8811-exec-4] INFO  c.w.s.c.l.TalStopWatch  INFO [,,]   StopWatch:start[1606445018451] tag[get] total[216]
10:43:39 [http-nio-8811-exec-4] INFO  c.w.s.c.l.TalStopWatch  INFO [,,]   StopWatch:start[1606445018728] tag[get] total[334]
10:43:39 [http-nio-8811-exec-4] INFO  c.w.s.c.l.TalStopWatch  INFO [,,]   StopWatch:start[1606445019101] tag[get] total[335]
10:43:39 [http-nio-8811-exec-4] INFO  c.w.s.c.l.TalStopWatch  INFO [,,]   StopWatch:start[1606445019485] tag[get] total[157]
10:43:39 [http-nio-8811-exec-4] INFO  c.w.s.c.l.TalStopWatch  INFO [,,]   StopWatch:start[1606445019669] tag[get] total[131]
10:43:40 [http-nio-8811-exec-4] INFO  c.w.s.c.l.TalStopWatch  INFO [,,]   StopWatch:start[1606445015980] tag[list] total[4079]
10:44:59 [http-nio-8811-exec-1] INFO  c.w.s.c.l.TalStopWatch  INFO [,,]   StopWatch:start[1606445099480] tag[get] total[340]
10:45:00 [http-nio-8811-exec-1] INFO  c.w.s.c.l.TalStopWatch  INFO [,,]   StopWatch:start[1606445099821] tag[get] total[379]
10:45:00 [http-nio-8811-exec-1] INFO  c.w.s.c.l.TalStopWatch  INFO [,,]   StopWatch:start[1606445100201] tag[get] total[183]
10:45:00 [http-nio-8811-exec-1] INFO  c.w.s.c.l.TalStopWatch  INFO [,,]   StopWatch:start[1606445100384] tag[get] total[187]
10:45:00 [http-nio-8811-exec-1] INFO  c.w.s.c.l.TalStopWatch  INFO [,,]   StopWatch:start[1606445100572] tag[get] total[166]
10:45:00 [http-nio-8811-exec-1] INFO  c.w.s.c.l.TalStopWatch  INFO [,,]   StopWatch:start[1606445100739] tag[get] total[142]
10:45:01 [http-nio-8811-exec-1] INFO  c.w.s.c.l.TalStopWatch  INFO [,,]   StopWatch:start[1606445100882] tag[get] total[150]
10:45:01 [http-nio-8811-exec-1] INFO  c.w.s.c.l.TalStopWatch  INFO [,,]   StopWatch:start[1606445101033] tag[get] total[149]
10:45:01 [http-nio-8811-exec-1] INFO  c.w.s.c.l.TalStopWatch  INFO [,,]   StopWatch:start[1606445101183] tag[get] total[116]
10:45:01 [http-nio-8811-exec-1] INFO  c.w.s.c.l.TalStopWatch  INFO [,,]   StopWatch:start[1606445101300] tag[get] total[151]
10:45:01 [http-nio-8811-exec-1] INFO  c.w.s.c.l.TalStopWatch  INFO [,,]   StopWatch:start[1606445101451] tag[get] total[238]
10:45:01 [http-nio-8811-exec-1] INFO  c.w.s.c.l.TalStopWatch  INFO [,,]   StopWatch:start[1606445101690] tag[get] total[192]
10:45:01 [http-nio-8811-exec-1] INFO  c.w.s.c.l.TalStopWatch  INFO [,,]   StopWatch:start[1606445099408] tag[list] total[2475]
10:59:17 [http-nio-8811-exec-1] INFO  c.w.s.c.l.TalStopWatch  INFO [,,]   StopWatch:start[1606445957515] tag[list] total[193]
10:59:24 [http-nio-8811-exec-3] INFO  c.w.s.c.l.TalStopWatch  INFO [,,]   StopWatch:start[1606445964300] tag[list] total[84]
11:01:23 [http-nio-8811-exec-10] INFO  c.w.s.c.l.TalStopWatch  INFO [,,]   StopWatch:start[1606446083665] tag[list] total[67]
11:02:16 [http-nio-8811-exec-4] INFO  c.w.s.c.l.TalStopWatch  INFO [,,]   StopWatch:start[1606446136264] tag[list] total[87]
11:17:17 [http-nio-8811-exec-6] INFO  c.w.s.c.l.TalStopWatch  INFO [,,]   StopWatch:start[1606447036557] tag[wechatCheck] total[587]
11:17:17 [http-nio-8811-exec-7] INFO  c.w.s.c.l.TalStopWatch  INFO [,,]   StopWatch:start[1606447037485] tag[list] total[80]
11:20:21 [http-nio-8811-exec-9] INFO  c.w.s.c.l.TalStopWatch  INFO [,,]   StopWatch:start[1606447221232] tag[list] total[267]
11:23:52 [http-nio-8811-exec-1] INFO  c.w.s.c.l.TalStopWatch  INFO [,,]   StopWatch:start[1606447432435] tag[list] total[63]
11:24:03 [http-nio-8811-exec-2] INFO  c.w.s.c.l.TalStopWatch  INFO [,,]   StopWatch:start[1606447443811] tag[list] total[84]
11:24:21 [http-nio-8811-exec-3] INFO  c.w.s.c.l.TalStopWatch  INFO [,,]   StopWatch:start[1606447461228] tag[list] total[62]
11:24:44 [http-nio-8811-exec-4] INFO  c.w.s.c.l.TalStopWatch  INFO [,,]   StopWatch:start[1606447484085] tag[list] total[72]
11:25:09 [http-nio-8811-exec-5] INFO  c.w.s.c.l.TalStopWatch  INFO [,,]   StopWatch:start[1606447509187] tag[list] total[95]
11:25:48 [http-nio-8811-exec-6] INFO  c.w.s.c.l.TalStopWatch  INFO [,,]   StopWatch:start[1606447548649] tag[list] total[78]
11:26:25 [http-nio-8811-exec-7] INFO  c.w.s.c.l.TalStopWatch  INFO [,,]   StopWatch:start[1606447585438] tag[list] total[64]
