11:11:21 [http-nio-8811-exec-2] INFO  c.w.s.c.l.TalStopWatch  INFO [,,]   StopWatch:start[1610939480710] tag[login] total[769]
11:11:21 [http-nio-8811-exec-3] INFO  c.w.s.c.l.TalStopWatch  INFO [,,]   StopWatch:start[1610939481698] tag[buySellContHole] total[244]
11:17:07 [http-nio-8811-exec-9] INFO  c.w.s.c.l.TalStopWatch  INFO [,,]   StopWatch:start[1610939826849] tag[get] total[218]
11:17:07 [http-nio-8811-exec-9] INFO  c.w.s.c.l.TalStopWatch  INFO [,,]   StopWatch:start[1610939827068] tag[get] total[105]
11:17:07 [http-nio-8811-exec-9] INFO  c.w.s.c.l.TalStopWatch  INFO [,,]   StopWatch:start[1610939827174] tag[get] total[109]
11:17:07 [http-nio-8811-exec-9] INFO  c.w.s.c.l.TalStopWatch  INFO [,,]   StopWatch:start[1610939827284] tag[get] total[104]
11:17:07 [http-nio-8811-exec-9] INFO  c.w.s.c.l.TalStopWatch  INFO [,,]   StopWatch:start[1610939827389] tag[get] total[145]
11:17:07 [http-nio-8811-exec-9] INFO  c.w.s.c.l.TalStopWatch  INFO [,,]   StopWatch:start[1610939827534] tag[get] total[105]
11:17:07 [http-nio-8811-exec-9] INFO  c.w.s.c.l.TalStopWatch  INFO [,,]   StopWatch:start[1610939826816] tag[list] total[824]
11:17:07 [http-nio-8811-exec-10] INFO  c.w.s.c.l.TalStopWatch  INFO [,,]   StopWatch:start[1610939827532] tag[list] total[107]
11:17:11 [http-nio-8811-exec-1] INFO  c.w.s.c.l.TalStopWatch  INFO [,,]   StopWatch:start[1610939831172] tag[addStorehouse] total[126]
11:17:11 [http-nio-8811-exec-1] INFO  c.w.s.c.l.TalStopWatch  INFO [,,]   StopWatch:start[1610939831136] tag[add] total[240]
11:17:11 [http-nio-8811-exec-1] INFO  c.w.s.c.l.TalStopWatch  INFO [,,]   StopWatch:start[1610939831083] tag[add] total[446]
11:17:40 [http-nio-8811-exec-3] INFO  c.w.s.c.l.TalStopWatch  INFO [,,]   StopWatch:start[1610939860489] tag[addStorehouse] total[74]
11:17:40 [http-nio-8811-exec-3] INFO  c.w.s.c.l.TalStopWatch  INFO [,,]   StopWatch:start[1610939860413] tag[delete] total[151]
11:17:40 [http-nio-8811-exec-3] INFO  c.w.s.c.l.TalStopWatch  INFO [,,]   StopWatch:start[1610939860314] tag[delete] total[326]
16:58:02 [http-nio-8811-exec-1] INFO  c.w.s.c.l.TalStopWatch  INFO [,,]   StopWatch:start[1610960282190] tag[buySellContHole] total[391]
16:59:43 [http-nio-8811-exec-2] INFO  c.w.s.c.l.TalStopWatch  INFO [,,]   StopWatch:start[1610960383618] tag[buySellContHole] total[223]
16:59:48 [http-nio-8811-exec-3] INFO  c.w.s.c.l.TalStopWatch  INFO [,,]   StopWatch:start[1610960388029] tag[get] total[232]
16:59:48 [http-nio-8811-exec-3] INFO  c.w.s.c.l.TalStopWatch  INFO [,,]   StopWatch:start[1610960388263] tag[get] total[114]
16:59:48 [http-nio-8811-exec-3] INFO  c.w.s.c.l.TalStopWatch  INFO [,,]   StopWatch:start[1610960388378] tag[get] total[123]
16:59:48 [http-nio-8811-exec-3] INFO  c.w.s.c.l.TalStopWatch  INFO [,,]   StopWatch:start[1610960388502] tag[get] total[112]
16:59:48 [http-nio-8811-exec-3] INFO  c.w.s.c.l.TalStopWatch  INFO [,,]   StopWatch:start[1610960388614] tag[get] total[113]
16:59:48 [http-nio-8811-exec-3] INFO  c.w.s.c.l.TalStopWatch  INFO [,,]   StopWatch:start[1610960388728] tag[get] total[111]
16:59:48 [http-nio-8811-exec-3] INFO  c.w.s.c.l.TalStopWatch  INFO [,,]   StopWatch:start[1610960388840] tag[get] total[111]
16:59:48 [http-nio-8811-exec-3] INFO  c.w.s.c.l.TalStopWatch  INFO [,,]   StopWatch:start[1610960387988] tag[list] total[963]
17:00:02 [http-nio-8811-exec-4] INFO  c.w.s.c.l.TalStopWatch  INFO [,,]   StopWatch:start[1610960402463] tag[list] total[71]
17:00:20 [http-nio-8811-exec-5] INFO  c.w.s.c.l.TalStopWatch  INFO [,,]   StopWatch:start[1610960420277] tag[get] total[140]
17:00:20 [http-nio-8811-exec-5] INFO  c.w.s.c.l.TalStopWatch  INFO [,,]   StopWatch:start[1610960420418] tag[get] total[111]
17:00:20 [http-nio-8811-exec-5] INFO  c.w.s.c.l.TalStopWatch  INFO [,,]   StopWatch:start[1610960420530] tag[get] total[109]
17:00:20 [http-nio-8811-exec-5] INFO  c.w.s.c.l.TalStopWatch  INFO [,,]   StopWatch:start[1610960420641] tag[get] total[119]
17:00:20 [http-nio-8811-exec-5] INFO  c.w.s.c.l.TalStopWatch  INFO [,,]   StopWatch:start[1610960420761] tag[get] total[119]
17:00:21 [http-nio-8811-exec-5] INFO  c.w.s.c.l.TalStopWatch  INFO [,,]   StopWatch:start[1610960420881] tag[get] total[121]
17:00:21 [http-nio-8811-exec-5] INFO  c.w.s.c.l.TalStopWatch  INFO [,,]   StopWatch:start[1610960421003] tag[get] total[110]
17:00:21 [http-nio-8811-exec-5] INFO  c.w.s.c.l.TalStopWatch  INFO [,,]   StopWatch:start[1610960420247] tag[list] total[867]
17:10:25 [http-nio-8811-exec-2] INFO  c.w.s.c.l.TalStopWatch  INFO [,,]   StopWatch:start[1610961025091] tag[monthListEchart] total[56]
17:10:25 [http-nio-8811-exec-1] INFO  c.w.s.c.l.TalStopWatch  INFO [,,]   StopWatch:start[1610961025091] tag[monthListEchart] total[56]
17:21:00 [http-nio-8811-exec-1] INFO  c.w.s.c.l.TalStopWatch  INFO [,,]   StopWatch:start[1610961660524] tag[monthListEchart] total[62]
17:21:00 [http-nio-8811-exec-2] INFO  c.w.s.c.l.TalStopWatch  INFO [,,]   StopWatch:start[1610961660524] tag[monthListEchart] total[69]
17:53:05 [http-nio-8811-exec-1] INFO  c.w.s.c.l.TalStopWatch  INFO [,,]   StopWatch:start[1610963585033] tag[monthListEchart] total[111]
17:58:56 [http-nio-8811-exec-2] INFO  c.w.s.c.l.TalStopWatch  INFO [,,]   StopWatch:start[1610963936333] tag[monthListEchart] total[87]
18:00:00 [http-nio-8811-exec-1] INFO  c.w.s.c.l.TalStopWatch  INFO [,,]   StopWatch:start[1610964000125] tag[monthListEchart] total[69]
18:00:00 [http-nio-8811-exec-2] INFO  c.w.s.c.l.TalStopWatch  INFO [,,]   StopWatch:start[1610964000121] tag[monthListEchart] total[99]
18:34:49 [http-nio-8811-exec-2] INFO  c.w.s.c.l.TalStopWatch  INFO [,,]   StopWatch:start[1610966088932] tag[monthListEchart] total[73]
18:34:49 [http-nio-8811-exec-1] INFO  c.w.s.c.l.TalStopWatch  INFO [,,]   StopWatch:start[1610966088932] tag[monthListEchart] total[97]
18:36:31 [http-nio-8811-exec-1] INFO  c.w.s.c.l.TalStopWatch  INFO [,,]   StopWatch:start[1610966191895] tag[monthListEchart] total[59]
18:36:31 [http-nio-8811-exec-2] INFO  c.w.s.c.l.TalStopWatch  INFO [,,]   StopWatch:start[1610966191890] tag[monthListEchart] total[86]
18:42:29 [http-nio-8811-exec-1] INFO  c.w.s.c.l.TalStopWatch  INFO [,,]   StopWatch:start[1610966549446] tag[monthListEchart] total[75]
18:42:29 [http-nio-8811-exec-2] INFO  c.w.s.c.l.TalStopWatch  INFO [,,]   StopWatch:start[1610966549446] tag[monthListEchart] total[87]
18:49:28 [http-nio-8811-exec-1] INFO  c.w.s.c.l.TalStopWatch  INFO [,,]   StopWatch:start[1610966968004] tag[monthListEchart] total[56]
18:49:28 [http-nio-8811-exec-2] INFO  c.w.s.c.l.TalStopWatch  INFO [,,]   StopWatch:start[1610966968004] tag[monthListEchart] total[95]
18:51:16 [http-nio-8811-exec-2] INFO  c.w.s.c.l.TalStopWatch  INFO [,,]   StopWatch:start[1610967076802] tag[monthListEchart] total[71]
18:51:16 [http-nio-8811-exec-1] INFO  c.w.s.c.l.TalStopWatch  INFO [,,]   StopWatch:start[1610967076802] tag[monthListEchart] total[111]
18:57:45 [http-nio-8811-exec-1] INFO  c.w.s.c.l.TalStopWatch  INFO [,,]   StopWatch:start[1610967465177] tag[monthListEchart] total[66]
18:57:45 [http-nio-8811-exec-2] INFO  c.w.s.c.l.TalStopWatch  INFO [,,]   StopWatch:start[1610967465194] tag[monthListEchart] total[93]
